<?xml version="1.0" encoding="UTF-8"?>
<!-- Generated by org.testng.reporters.JUnitReportReporter -->
<testsuite hostname="DESKTOP-H9JGRTT" failures="0" tests="2" name="com.cjc.dws.webApp.tests.HomePageTest" time="11.305" errors="0" timestamp="2022-11-03T20:15:49 IST" skipped="0">
  <testcase classname="com.cjc.dws.webApp.tests.HomePageTest" name="checkLogo" time="5.551"/>
  <system-out/>
  <testcase classname="com.cjc.dws.webApp.tests.HomePageTest" name="clickOnLogin" time="5.754"/>
  <system-out/>
</testsuite> <!-- com.cjc.dws.webApp.tests.HomePageTest -->
